[debug] [2022-08-23T05:24:45.257Z] ----------------------------------------------------------------------
[debug] [2022-08-23T05:24:45.261Z] Command:       C:\Program Files\nodejs\node.exe C:\Users\lufias\AppData\Roaming\npm\node_modules\firebase-tools\lib\bin\firebase.js init
[debug] [2022-08-23T05:24:45.262Z] CLI Version:   11.6.0
[debug] [2022-08-23T05:24:45.263Z] Platform:      win32
[debug] [2022-08-23T05:24:45.263Z] Node Version:  v16.13.2
[debug] [2022-08-23T05:24:45.265Z] Time:          Tue Aug 23 2022 13:24:45 GMT+0800 (China Standard Time)
[debug] [2022-08-23T05:24:45.266Z] ----------------------------------------------------------------------
[debug] 
[debug] [2022-08-23T05:24:45.280Z] > command requires scopes: ["email","openid","https://www.googleapis.com/auth/cloudplatformprojects.readonly","https://www.googleapis.com/auth/firebase","https://www.googleapis.com/auth/cloud-platform"]
[debug] [2022-08-23T05:24:45.281Z] > authorizing via signed-in user (istekserver@gmail.com)
[info] 
     ######## #### ########  ######## ########     ###     ######  ########
     ##        ##  ##     ## ##       ##     ##  ##   ##  ##       ##
     ######    ##  ########  ######   ########  #########  ######  ######
     ##        ##  ##    ##  ##       ##     ## ##     ##       ## ##
     ##       #### ##     ## ######## ########  ##     ##  ######  ########

You're about to initialize a Firebase project in this directory:

  D:\Project\istek\istek_project

[info] 
=== Project Setup
[info] 
[info] First, let's associate this project directory with a Firebase project.
[info] You can create multiple project aliases by running firebase use --add, 
[info] but for now we'll just set up a default project.
[info] 
[debug] [2022-08-23T05:24:53.691Z] >>> [apiv2][query] GET https://firebase.googleapis.com/v1beta1/projects pageSize=100
[debug] [2022-08-23T05:24:54.862Z] <<< [apiv2][status] GET https://firebase.googleapis.com/v1beta1/projects 200
[debug] [2022-08-23T05:24:54.862Z] <<< [apiv2][body] GET https://firebase.googleapis.com/v1beta1/projects [omitted]
[info] i  Using project mainistek (main web istek) 
[info] 
=== Hosting Setup
[info] 
[info] Your public directory is the folder (relative to your project directory) that
[info] will contain Hosting assets to be uploaded with firebase deploy. If you
[info] have a build process for your assets, use your build's output directory.
[info] 
[info] i  Skipping write of public/404.html 
[debug] [2022-08-23T05:25:14.527Z] >>> [apiv2][query] GET https://www.gstatic.com/firebasejs/releases.json [none]
[debug] [2022-08-23T05:25:14.908Z] <<< [apiv2][status] GET https://www.gstatic.com/firebasejs/releases.json 200
[debug] [2022-08-23T05:25:14.909Z] <<< [apiv2][body] GET https://www.gstatic.com/firebasejs/releases.json {"current":{"version":"9.9.3","browserURL":"https://www.gstatic.com/firebasejs/9.9.3/firebase.js","packageURL":"https://www.gstatic.com/firebasejs/9.9.3/firebase.tgz"},"live":{"version":"9.9","browserURL":"https://www.gstatic.com/firebasejs/live/9.9/firebase.js","packageURL":"https://www.gstatic.com/firebasejs/live/9.9/firebase.tgz"},"components":{"analytics":"https://www.gstatic.com/firebasejs/9.9.3/firebase-analytics.js","app":"https://www.gstatic.com/firebasejs/9.9.3/firebase-app.js","app-check":"https://www.gstatic.com/firebasejs/9.9.3/firebase-app-check.js","auth":"https://www.gstatic.com/firebasejs/9.9.3/firebase-auth.js","auth/cordova":"https://www.gstatic.com/firebasejs/9.9.3/firebase-auth/cordova.js","auth/react-native":"https://www.gstatic.com/firebasejs/9.9.3/firebase-auth/react-native.js","functions":"https://www.gstatic.com/firebasejs/9.9.3/firebase-functions.js","firestore":"https://www.gstatic.com/firebasejs/9.9.3/firebase-firestore.js","firestore/lite":"https://www.gstatic.com/firebasejs/9.9.3/firebase-firestore/lite.js","installations":"https://www.gstatic.com/firebasejs/9.9.3/firebase-installations.js","storage":"https://www.gstatic.com/firebasejs/9.9.3/firebase-storage.js","performance":"https://www.gstatic.com/firebasejs/9.9.3/firebase-performance.js","remote-config":"https://www.gstatic.com/firebasejs/9.9.3/firebase-remote-config.js","messaging":"https://www.gstatic.com/firebasejs/9.9.3/firebase-messaging.js","messaging/sw":"https://www.gstatic.com/firebasejs/9.9.3/firebase-messaging/sw.js","database":"https://www.gstatic.com/firebasejs/9.9.3/firebase-database.js","firestore.memory":"https://www.gstatic.com/firebasejs/9.9.3/firebase-firestore.memory.js"}}
[info] i  Skipping write of public/index.html 
[info] 
[info] i  Detected a .git folder at D:\Project\istek\istek_project 
[info] i  Authorizing with GitHub to upload your service account to a GitHub repository's secrets store. 
[info] 
[info] Visit this URL on this device to log in:
[info] https://github.com/login/oauth/authorize?client_id=89cf50f02ac6aaed3484&state=713134944&redirect_uri=http%3A%2F%2Flocalhost%3A9005&scope=read%3Auser%20repo%20public_repo
[info] 
[info] Waiting for authentication...
[debug] [2022-08-23T05:30:22.047Z] >>> [apiv2][query] POST https://github.com/login/oauth/access_token [none]
[debug] [2022-08-23T05:30:22.047Z] >>> [apiv2][body] POST https://github.com/login/oauth/access_token [stream]
[debug] [2022-08-23T05:30:23.039Z] <<< [apiv2][status] POST https://github.com/login/oauth/access_token 200
[debug] [2022-08-23T05:30:23.039Z] <<< [apiv2][body] POST https://github.com/login/oauth/access_token {"access_token":"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","token_type":"bearer","scope":"read:user,repo"}
[debug] [2022-08-23T05:30:23.067Z] >>> [apiv2][query] GET https://api.github.com/user [none]
[debug] [2022-08-23T05:30:24.187Z] <<< [apiv2][status] GET https://api.github.com/user 200
[debug] [2022-08-23T05:30:24.187Z] <<< [apiv2][body] GET https://api.github.com/user {"login":"lufias69","id":9336672,"node_id":"MDQ6VXNlcjkzMzY2NzI=","avatar_url":"https://avatars.githubusercontent.com/u/9336672?v=4","gravatar_id":"","url":"https://api.github.com/users/lufias69","html_url":"https://github.com/lufias69","followers_url":"https://api.github.com/users/lufias69/followers","following_url":"https://api.github.com/users/lufias69/following{/other_user}","gists_url":"https://api.github.com/users/lufias69/gists{/gist_id}","starred_url":"https://api.github.com/users/lufias69/starred{/owner}{/repo}","subscriptions_url":"https://api.github.com/users/lufias69/subscriptions","organizations_url":"https://api.github.com/users/lufias69/orgs","repos_url":"https://api.github.com/users/lufias69/repos","events_url":"https://api.github.com/users/lufias69/events{/privacy}","received_events_url":"https://api.github.com/users/lufias69/received_events","type":"User","site_admin":false,"name":null,"company":null,"blog":"","location":null,"email":"lufias4@gmail.com","hireable":null,"bio":null,"twitter_username":null,"public_repos":69,"public_gists":0,"followers":5,"following":63,"created_at":"2014-10-21T13:21:21Z","updated_at":"2022-08-23T05:30:12Z","private_gists":2,"total_private_repos":12,"owned_private_repos":12,"disk_usage":1012918,"collaborators":0,"two_factor_authentication":false,"plan":{"name":"free","space":976562499,"collaborators":0,"private_repos":10000}}
[info] 
[info] +  Success! Logged into GitHub as lufias69 
[info] 
[debug] [2022-08-23T05:31:19.075Z] >>> [apiv2][query] GET https://api.github.com/repos/lufias69/main_web.git/actions/secrets/public-key type=owner
[debug] [2022-08-23T05:31:19.601Z] <<< [apiv2][status] GET https://api.github.com/repos/lufias69/main_web.git/actions/secrets/public-key 404
[debug] [2022-08-23T05:31:19.601Z] <<< [apiv2][body] GET https://api.github.com/repos/lufias69/main_web.git/actions/secrets/public-key {"message":"Not Found","documentation_url":"https://docs.github.com/rest/reference/actions#get-a-repository-public-key"}
[debug] [2022-08-23T05:31:35.710Z] >>> [apiv2][query] GET https://api.github.com/repos/lufias69/main_web.git/actions/secrets/public-key type=owner
[debug] [2022-08-23T05:31:36.461Z] <<< [apiv2][status] GET https://api.github.com/repos/lufias69/main_web.git/actions/secrets/public-key 404
[debug] [2022-08-23T05:31:36.461Z] <<< [apiv2][body] GET https://api.github.com/repos/lufias69/main_web.git/actions/secrets/public-key {"message":"Not Found","documentation_url":"https://docs.github.com/rest/reference/actions#get-a-repository-public-key"}
